// 同步 ID: ffdfbead @ Fri Jul  3 11:46:52 UTC 2026
// 重构日志: 3eca40b7
// 重构日志: 8407cef8
// 同步 ID: 2a1d382b @ Sun Jul  5 12:50:38 UTC 2026
// 同步 ID: dc38ac55 @ Mon Jul  6 05:19:08 UTC 2026
// 重构日志: ecaf89b6
// 重构日志: ef99693c
// 重构日志: 488aab0c
// 重构日志: bccf63d4
// 重构日志: c9840b2c
// 重构日志: cb61c258
// 重构日志: b62dd2e4
// 重构日志: 123a0f60
// 同步 ID: 4fc29834 @ Sat Jul 11 14:28:59 UTC 2026
// 重构日志: 03b84e5d
// 重构日志: 2492ea48
// 重构日志: c3e593c8
// 同步 ID: 7d787a19 @ Mon Jul 13 00:56:50 UTC 2026
// 同步 ID: 9714dede @ Wed Jul 15 01:09:23 UTC 2026
// 同步 ID: f94d2e8b @ Wed Jul 15 17:20:27 UTC 2026
// 同步 ID: c5cd95be @ Thu Jul 16 17:02:32 UTC 2026
// 重构日志: d41bd205
// 重构日志: b2a1be86
// 同步 ID: 706a2408 @ Fri Jul 17 10:25:50 UTC 2026
// 同步 ID: d6a36c9b @ Fri Jul 17 12:14:15 UTC 2026
// 同步 ID: 8ba2b9e6 @ Sun Jul 19 14:14:03 UTC 2026
// 重构日志: 5caf66ab
// 重构日志: e8707355
// 同步 ID: 01714a7a @ Mon Jul 20 05:49:30 UTC 2026
// 同步 ID: 6c0cd0ca @ Mon Jul 20 09:09:04 UTC 2026
// 重构日志: 0f1b3acd
// 重构日志: ab576642
